{"/Users/rachitkhare/web/sites/practice/TypeScript-Node-Starter/src/app.ts": {"path":"/Users/rachitkhare/web/sites/practice/TypeScript-Node-Starter/src/app.ts","statementMap":{"0":{"start":{"line":2,"column":0},"end":{"line":2,"column":62}},"1":{"start":{"line":3,"column":16},"end":{"line":3,"column":34}},"2":{"start":{"line":4,"column":20},"end":{"line":4,"column":42}},"3":{"start":{"line":5,"column":19},"end":{"line":5,"column":41}},"4":{"start":{"line":6,"column":15},"end":{"line":6,"column":32}},"5":{"start":{"line":7,"column":14},"end":{"line":7,"column":30}},"6":{"start":{"line":8,"column":15},"end":{"line":8,"column":32}},"7":{"start":{"line":9,"column":13},"end":{"line":9,"column":28}},"8":{"start":{"line":10,"column":25},"end":{"line":10,"column":53}},"9":{"start":{"line":12,"column":0},"end":{"line":12,"column":40}},"10":{"start":{"line":14,"column":23},"end":{"line":14,"column":52}},"11":{"start":{"line":16,"column":12},"end":{"line":16,"column":21}},"12":{"start":{"line":18,"column":0},"end":{"line":18,"column":42}},"13":{"start":{"line":19,"column":0},"end":{"line":19,"column":51}},"14":{"start":{"line":20,"column":0},"end":{"line":20,"column":30}},"15":{"start":{"line":21,"column":0},"end":{"line":21,"column":23}},"16":{"start":{"line":22,"column":0},"end":{"line":22,"column":23}},"17":{"start":{"line":23,"column":0},"end":{"line":23,"column":27}},"18":{"start":{"line":24,"column":0},"end":{"line":24,"column":51}},"19":{"start":{"line":25,"column":0},"end":{"line":25,"column":28}},"20":{"start":{"line":26,"column":0},"end":{"line":26,"column":36}},"21":{"start":{"line":27,"column":0},"end":{"line":27,"column":35}},"22":{"start":{"line":28,"column":0},"end":{"line":31,"column":3}},"23":{"start":{"line":29,"column":4},"end":{"line":29,"column":31}},"24":{"start":{"line":30,"column":4},"end":{"line":30,"column":11}},"25":{"start":{"line":32,"column":0},"end":{"line":32,"column":81}},"26":{"start":{"line":36,"column":0},"end":{"line":36,"column":35}},"27":{"start":{"line":37,"column":0},"end":{"line":37,"column":21}}},"fnMap":{"0":{"name":"(anonymous_0)","decl":{"start":{"line":28,"column":8},"end":{"line":28,"column":9}},"loc":{"start":{"line":28,"column":28},"end":{"line":31,"column":1}},"line":28}},"branchMap":{"0":{"loc":{"start":{"line":18,"column":16},"end":{"line":18,"column":40}},"type":"binary-expr","locations":[{"start":{"line":18,"column":16},"end":{"line":18,"column":32}},{"start":{"line":18,"column":36},"end":{"line":18,"column":40}}],"line":18}},"s":{"0":2,"1":2,"2":2,"3":2,"4":2,"5":2,"6":2,"7":2,"8":2,"9":2,"10":2,"11":2,"12":2,"13":2,"14":2,"15":2,"16":2,"17":2,"18":2,"19":2,"20":2,"21":2,"22":2,"23":2,"24":2,"25":2,"26":2,"27":2},"f":{"0":2},"b":{"0":[2,2]},"inputSourceMap":{"version":3,"file":"app.js","sourceRoot":"","sources":["app.ts"],"names":[],"mappings":";;AAAA,mCAAmC;AACnC,2CAA2C,CAAE,sBAAsB;AAEnE,0CAA0C;AAC1C,iCAAiC;AACjC,+BAA+B;AAC/B,iCAAiC;AAEjC,6BAA6B;AAE7B,sDAAsD;AAEtD,yFAAyF;AACzF,MAAM,CAAC,MAAM,CAAC,EAAE,IAAI,EAAE,cAAc,EAAE,CAAC,CAAC;AAExC,+BAA+B;AAC/B,qDAAqD;AAErD,wBAAwB;AACxB,MAAM,GAAG,GAAG,OAAO,EAAE,CAAC;AAEtB,wBAAwB;AACxB,GAAG,CAAC,GAAG,CAAC,MAAM,EAAE,OAAO,CAAC,GAAG,CAAC,IAAI,IAAI,IAAI,CAAC,CAAC;AAC1C,GAAG,CAAC,GAAG,CAAC,OAAO,EAAE,IAAI,CAAC,IAAI,CAAC,SAAS,EAAE,UAAU,CAAC,CAAC,CAAC;AACnD,GAAG,CAAC,GAAG,CAAC,aAAa,EAAE,KAAK,CAAC,CAAC;AAC9B,GAAG,CAAC,GAAG,CAAC,WAAW,EAAE,CAAC,CAAC;AACvB,GAAG,CAAC,GAAG,CAAC,MAAM,CAAC,KAAK,CAAC,CAAC,CAAC;AACvB,GAAG,CAAC,GAAG,CAAC,UAAU,CAAC,IAAI,EAAE,CAAC,CAAC;AAC3B,GAAG,CAAC,GAAG,CAAC,UAAU,CAAC,UAAU,CAAC,EAAE,QAAQ,EAAE,IAAI,EAAE,CAAC,CAAC,CAAC;AACnD,GAAG,CAAC,GAAG,CAAC,gBAAgB,EAAE,CAAC,CAAC;AAC5B,GAAG,CAAC,GAAG,CAAC,KAAK,CAAC,MAAM,CAAC,YAAY,CAAC,CAAC,CAAC;AACpC,GAAG,CAAC,GAAG,CAAC,KAAK,CAAC,aAAa,CAAC,IAAI,CAAC,CAAC,CAAC;AACnC,GAAG,CAAC,GAAG,CAAC,CAAC,GAAG,EAAE,GAAG,EAAE,IAAI,EAAE,EAAE;IACzB,GAAG,CAAC,MAAM,CAAC,IAAI,GAAG,GAAG,CAAC,IAAI,CAAC;IAC3B,IAAI,EAAE,CAAC;AACT,CAAC,CAAC,CAAC;AACH,GAAG,CAAC,GAAG,CAAC,OAAO,CAAC,MAAM,CAAC,IAAI,CAAC,IAAI,CAAC,SAAS,EAAE,QAAQ,CAAC,EAAE,EAAE,MAAM,EAAE,WAAW,EAAE,CAAC,CAAC,CAAC;AAEjF;;GAEG;AACH,GAAG,CAAC,GAAG,CAAC,GAAG,EAAE,cAAc,CAAC,KAAK,CAAC,CAAC;AAEnC,MAAM,CAAC,OAAO,GAAG,GAAG,CAAC","sourcesContent":["import * as express from \"express\";\nimport * as compression from \"compression\";  // compresses requests\nimport * as session from \"express-session\";\nimport * as bodyParser from \"body-parser\";\nimport * as logger from \"morgan\";\nimport * as lusca from \"lusca\";\nimport * as dotenv from \"dotenv\";\nimport * as flash from \"express-flash\";\nimport * as path from \"path\";\nimport * as passport from \"passport\";\nimport * as expressValidator from \"express-validator\";\n\n// Load environment variables from .env file, where API keys and passwords are configured\ndotenv.config({ path: \".env.example\" });\n\n// Controllers (route handlers)\nimport * as homeController from \"./controllers/home\";\n\n// Create Express server\nconst app = express();\n\n// Express configuration\napp.set(\"port\", process.env.PORT || 3000);\napp.set(\"views\", path.join(__dirname, \"../views\"));\napp.set(\"view engine\", \"pug\");\napp.use(compression());\napp.use(logger(\"dev\"));\napp.use(bodyParser.json());\napp.use(bodyParser.urlencoded({ extended: true }));\napp.use(expressValidator());\napp.use(lusca.xframe(\"SAMEORIGIN\"));\napp.use(lusca.xssProtection(true));\napp.use((req, res, next) => {\n  res.locals.user = req.user;\n  next();\n});\napp.use(express.static(path.join(__dirname, \"public\"), { maxAge: 31557600000 }));\n\n/**\n * Primary app routes.\n */\napp.get(\"/\", homeController.index);\n\nmodule.exports = app;"]},"_coverageSchema":"332fd63041d2c1bcb487cc26dd0d5f7d97098a6c","hash":"21823e170dbd050a86b4a8b28a52057fff24a85f"}
,"/Users/rachitkhare/web/sites/practice/TypeScript-Node-Starter/src/controllers/home.ts": {"path":"/Users/rachitkhare/web/sites/practice/TypeScript-Node-Starter/src/controllers/home.ts","statementMap":{"0":{"start":{"line":2,"column":0},"end":{"line":2,"column":62}},"1":{"start":{"line":7,"column":0},"end":{"line":11,"column":2}},"2":{"start":{"line":8,"column":4},"end":{"line":10,"column":7}}},"fnMap":{"0":{"name":"(anonymous_0)","decl":{"start":{"line":7,"column":16},"end":{"line":7,"column":17}},"loc":{"start":{"line":7,"column":30},"end":{"line":11,"column":1}},"line":7}},"branchMap":{},"s":{"0":2,"1":2,"2":1},"f":{"0":1},"b":{},"inputSourceMap":{"version":3,"file":"home.js","sourceRoot":"","sources":["home.ts"],"names":[],"mappings":";;AAEA;;;GAGG;AACQ,QAAA,KAAK,GAAG,CAAC,GAAY,EAAE,GAAa,EAAE,EAAE;IACjD,GAAG,CAAC,MAAM,CAAC,MAAM,EAAE;QACjB,KAAK,EAAE,MAAM;KACd,CAAC,CAAC;AACL,CAAC,CAAC","sourcesContent":["import { Request, Response } from \"express\";\n\n/**\n * GET /\n * Home page.\n */\nexport let index = (req: Request, res: Response) => {\n  res.render(\"home\", {\n    title: \"Home\"\n  });\n};\n"]},"_coverageSchema":"332fd63041d2c1bcb487cc26dd0d5f7d97098a6c","hash":"d193223395c3591a07615b4d9929b43e8c7a8362"}
}
